Chapter04/app/build/outputs/logs/manifest-merger-debug-report.txt
-- Merging decision tree log ---
manifest
ADDED from src/main/AndroidManifest.xml:2:1-196:12
	package
		ADDED from src/main/AndroidManifest.xml:3:5-48
		INJECTED from src/main/AndroidManifest.xml
		INJECTED from src/main/AndroidManifest.xml
	android:versionName
		ADDED from src/main/AndroidManifest.xml:5:5-30
	android:versionCode
		ADDED from src/main/AndroidManifest.xml:4:5-28
		INJECTED from src/main/AndroidManifest.xml
		INJECTED from src/main/AndroidManifest.xml
	xmlns:android
		ADDED from src/main/AndroidManifest.xml:2:11-69
uses-permission#android.permission.INTERNET
ADDED from src/main/AndroidManifest.xml:7:5-67
	android:name
		ADDED from src/main/AndroidManifest.xml:7:22-64
uses-permission#com.android.browser.permission.READ_HISTORY_BOOKMARKS
ADDED from src/main/AndroidManifest.xml:8:5-93
	android:name
		ADDED from src/main/AndroidManifest.xml:8:22-90
uses-sdk
ADDED from src/main/AndroidManifest.xml:11:5-13:41
	android:targetSdkVersion
		ADDED from src/main/AndroidManifest.xml:13:9-38
		INJECTED from src/main/AndroidManifest.xml
		INJECTED from src/main/AndroidManifest.xml
	android:minSdkVersion
		ADDED from src/main/AndroidManifest.xml:12:9-35
		INJECTED from src/main/AndroidManifest.xml
		INJECTED from src/main/AndroidManifest.xml
application
ADDED from src/main/AndroidManifest.xml:15:5-194:19
	android:label
		ADDED from src/main/AndroidManifest.xml:18:9-41
	android:allowBackup
		ADDED from src/main/AndroidManifest.xml:16:9-35
	android:icon
		ADDED from src/main/AndroidManifest.xml:17:9-45
	android:theme
		ADDED from src/main/AndroidManifest.xml:19:9-40
activity#jp.co.se.android.recipe.common.MainActivity
ADDED from src/main/AndroidManifest.xml:20:9-29:20
	android:label
		ADDED from src/main/AndroidManifest.xml:23:13-45
	android:excludeFromRecents
		ADDED from src/main/AndroidManifest.xml:22:13-46
	android:name
		ADDED from src/main/AndroidManifest.xml:21:13-71
intent-filter#android.intent.action.MAIN+android.intent.category.LAUNCHER
ADDED from src/main/AndroidManifest.xml:24:13-28:29
action#android.intent.action.MAIN
ADDED from src/main/AndroidManifest.xml:25:17-69
	android:name
		ADDED from src/main/AndroidManifest.xml:25:25-66
category#android.intent.category.LAUNCHER
ADDED from src/main/AndroidManifest.xml:27:17-77
	android:name
		ADDED from src/main/AndroidManifest.xml:27:27-74
activity#jp.co.se.android.recipe.chapter04.Ch0401
ADDED from src/main/AndroidManifest.xml:30:9-38:20
	android:label
		ADDED from src/main/AndroidManifest.xml:32:13-46
	android:name
		ADDED from src/main/AndroidManifest.xml:31:13-68
intent-filter#android.intent.action.MAIN+android.intent.category.SAMPLE_CODE
ADDED from src/main/AndroidManifest.xml:33:13-37:29
category#android.intent.category.SAMPLE_CODE
ADDED from src/main/AndroidManifest.xml:36:17-80
	android:name
		ADDED from src/main/AndroidManifest.xml:36:27-77
activity#jp.co.se.android.recipe.chapter04.Ch0402
ADDED from src/main/AndroidManifest.xml:39:9-47:20
	android:label
		ADDED from src/main/AndroidManifest.xml:41:13-46
	android:name
		ADDED from src/main/AndroidManifest.xml:40:13-68
activity#jp.co.se.android.recipe.chapter04.Ch0403
ADDED from src/main/AndroidManifest.xml:48:9-56:20
	android:label
		ADDED from src/main/AndroidManifest.xml:50:13-46
	android:name
		ADDED from src/main/AndroidManifest.xml:49:13-68
activity#jp.co.se.android.recipe.chapter04.Ch0404
ADDED from src/main/AndroidManifest.xml:57:9-66:20
	android:label
		ADDED from src/main/AndroidManifest.xml:60:13-46
	android:configChanges
		ADDED from src/main/AndroidManifest.xml:59:13-59
	android:name
		ADDED from src/main/AndroidManifest.xml:58:13-68
activity#jp.co.se.android.recipe.chapter04.Ch0406
ADDED from src/main/AndroidManifest.xml:67:9-75:20
	android:label
		ADDED from src/main/AndroidManifest.xml:69:13-46
	android:name
		ADDED from src/main/AndroidManifest.xml:68:13-68
activity#jp.co.se.android.recipe.chapter04.Ch0406Sub
ADDED from src/main/AndroidManifest.xml:76:9-78:49
	android:label
		ADDED from src/main/AndroidManifest.xml:78:13-46
	android:name
		ADDED from src/main/AndroidManifest.xml:77:13-38
activity#jp.co.se.android.recipe.chapter04.Ch0407
ADDED from src/main/AndroidManifest.xml:79:9-87:20
	android:label
		ADDED from src/main/AndroidManifest.xml:81:13-46
	android:name
		ADDED from src/main/AndroidManifest.xml:80:13-68
receiver#jp.co.se.android.recipe.chapter04.Ch0407AppWidgetProvider
ADDED from src/main/AndroidManifest.xml:89:9-102:20
	android:label
		ADDED from src/main/AndroidManifest.xml:92:13-41
	android:exported
		ADDED from src/main/AndroidManifest.xml:91:13-37
	android:name
		ADDED from src/main/AndroidManifest.xml:90:13-85
intent-filter#android.appwidget.action.APPWIDGET_UPDATE+android.intent.category.DEFAULT
ADDED from src/main/AndroidManifest.xml:93:13-97:29
action#android.appwidget.action.APPWIDGET_UPDATE
ADDED from src/main/AndroidManifest.xml:94:17-84
	android:name
		ADDED from src/main/AndroidManifest.xml:94:25-81
category#android.intent.category.DEFAULT
ADDED from src/main/AndroidManifest.xml:96:17-76
	android:name
		ADDED from src/main/AndroidManifest.xml:96:27-73
meta-data#android.appwidget.provider
ADDED from src/main/AndroidManifest.xml:99:13-101:57
	android:resource
		ADDED from src/main/AndroidManifest.xml:101:17-54
	android:name
		ADDED from src/main/AndroidManifest.xml:100:17-58
activity#jp.co.se.android.recipe.chapter04.Ch0408
ADDED from src/main/AndroidManifest.xml:104:9-112:20
	android:label
		ADDED from src/main/AndroidManifest.xml:106:13-46
	android:name
		ADDED from src/main/AndroidManifest.xml:105:13-68
receiver#jp.co.se.android.recipe.chapter04.Ch0408AppWidgetProvider
ADDED from src/main/AndroidManifest.xml:114:9-132:20
	android:label
		ADDED from src/main/AndroidManifest.xml:117:13-41
	android:exported
		ADDED from src/main/AndroidManifest.xml:116:13-37
	android:name
		ADDED from src/main/AndroidManifest.xml:115:13-85
intent-filter#android.intent.category.DEFAULT+jp.co.se.android.recipe.action.ACTION_WIDGET_UPDATE
ADDED from src/main/AndroidManifest.xml:123:13-127:29
action#jp.co.se.android.recipe.action.ACTION_WIDGET_UPDATE
ADDED from src/main/AndroidManifest.xml:124:17-94
	android:name
		ADDED from src/main/AndroidManifest.xml:124:25-91
activity#jp.co.se.android.recipe.chapter04.Ch0409
ADDED from src/main/AndroidManifest.xml:134:9-142:20
	android:label
		ADDED from src/main/AndroidManifest.xml:136:13-46
	android:name
		ADDED from src/main/AndroidManifest.xml:135:13-68
service#jp.co.se.android.recipe.chapter04.Ch0409Service
ADDED from src/main/AndroidManifest.xml:144:9-83
	android:name
		ADDED from src/main/AndroidManifest.xml:144:18-80
activity#jp.co.se.android.recipe.chapter04.Ch0410
ADDED from src/main/AndroidManifest.xml:146:9-154:20
	android:label
		ADDED from src/main/AndroidManifest.xml:148:13-47
	android:name
		ADDED from src/main/AndroidManifest.xml:147:13-68
service#jp.co.se.android.recipe.chapter04.Ch0410Service
ADDED from src/main/AndroidManifest.xml:156:9-50
	android:name
		ADDED from src/main/AndroidManifest.xml:156:18-47
activity#jp.co.se.android.recipe.chapter04.Ch0411
ADDED from src/main/AndroidManifest.xml:158:9-166:20
	android:label
		ADDED from src/main/AndroidManifest.xml:160:13-47
	android:name
		ADDED from src/main/AndroidManifest.xml:159:13-68
activity#jp.co.se.android.recipe.chapter04.Ch0412
ADDED from src/main/AndroidManifest.xml:167:9-175:20
	android:label
		ADDED from src/main/AndroidManifest.xml:169:13-47
	android:name
		ADDED from src/main/AndroidManifest.xml:168:13-68
activity#jp.co.se.android.recipe.chapter04.Ch0413
ADDED from src/main/AndroidManifest.xml:176:9-184:20
	android:label
		ADDED from src/main/AndroidManifest.xml:178:13-47
	android:name
		ADDED from src/main/AndroidManifest.xml:177:13-68
activity#jp.co.se.android.recipe.chapter04.Ch0414
ADDED from src/main/AndroidManifest.xml:185:9-193:20
	android:label
		ADDED from src/main/AndroidManifest.xml:187:13-47
	android:name
		ADDED from src/main/AndroidManifest.xml:186:13-68